<?xml version="1.0" encoding="UTF-8"?>
<testsuite name="com.devingsun.castle.springboot.web.dto.HelloResponseDtoTest" tests="1" skipped="0" failures="0" errors="0" timestamp="2021-11-28T10:25:41" hostname="sunpc" time="0.001">
  <properties/>
  <testcase name="롬복_기능_테스트" classname="com.devingsun.castle.springboot.web.dto.HelloResponseDtoTest" time="0.001"/>
  <system-out><![CDATA[]]></system-out>
  <system-err><![CDATA[]]></system-err>
</testsuite>
