<?xml version="1.0" encoding="UTF-8"?>
<testsuite name="com.devingsun.castle.springboot.web.HelloControllerTest" tests="2" skipped="0" failures="0" errors="0" timestamp="2021-11-28T10:25:38" hostname="sunpc" time="0.148">
  <properties/>
  <testcase name="hello가_리턴된다" classname="com.devingsun.castle.springboot.web.HelloControllerTest" time="0.111"/>
  <testcase name="helloDto가_리턴된다" classname="com.devingsun.castle.springboot.web.HelloControllerTest" time="0.036"/>
  <system-out><![CDATA[19:25:36.432 [Test worker] DEBUG org.springframework.test.context.junit4.SpringJUnit4ClassRunner - SpringJUnit4ClassRunner constructor called with [class com.devingsun.castle.springboot.web.HelloControllerTest]
19:25:36.437 [Test worker] DEBUG org.springframework.test.context.BootstrapUtils - Instantiating CacheAwareContextLoaderDelegate from class [org.springframework.test.context.cache.DefaultCacheAwareContextLoaderDelegate]
19:25:36.441 [Test worker] DEBUG org.springframework.test.context.BootstrapUtils - Instantiating BootstrapContext using constructor [public org.springframework.test.context.support.DefaultBootstrapContext(java.lang.Class,org.springframework.test.context.CacheAwareContextLoaderDelegate)]
19:25:36.452 [Test worker] DEBUG org.springframework.test.context.BootstrapUtils - Instantiating TestContextBootstrapper for test class [com.devingsun.castle.springboot.web.HelloControllerTest] from class [org.springframework.boot.test.autoconfigure.web.servlet.WebMvcTestContextBootstrapper]
19:25:36.464 [Test worker] INFO org.springframework.boot.test.autoconfigure.web.servlet.WebMvcTestContextBootstrapper - Neither @ContextConfiguration nor @ContextHierarchy found for test class [com.devingsun.castle.springboot.web.HelloControllerTest], using SpringBootContextLoader
19:25:36.466 [Test worker] DEBUG org.springframework.test.context.support.AbstractContextLoader - Did not detect default resource location for test class [com.devingsun.castle.springboot.web.HelloControllerTest]: class path resource [com/devingsun/castle/springboot/web/HelloControllerTest-context.xml] does not exist
19:25:36.467 [Test worker] DEBUG org.springframework.test.context.support.AbstractContextLoader - Did not detect default resource location for test class [com.devingsun.castle.springboot.web.HelloControllerTest]: class path resource [com/devingsun/castle/springboot/web/HelloControllerTestContext.groovy] does not exist
19:25:36.467 [Test worker] INFO org.springframework.test.context.support.AbstractContextLoader - Could not detect default resource locations for test class [com.devingsun.castle.springboot.web.HelloControllerTest]: no resource found for suffixes {-context.xml, Context.groovy}.
19:25:36.467 [Test worker] INFO org.springframework.test.context.support.AnnotationConfigContextLoaderUtils - Could not detect default configuration classes for test class [com.devingsun.castle.springboot.web.HelloControllerTest]: HelloControllerTest does not declare any static, non-private, non-final, nested classes annotated with @Configuration.
19:25:36.517 [Test worker] DEBUG org.springframework.test.context.support.ActiveProfilesUtils - Could not find an 'annotation declaring class' for annotation type [org.springframework.test.context.ActiveProfiles] and class [com.devingsun.castle.springboot.web.HelloControllerTest]
19:25:36.565 [Test worker] DEBUG org.springframework.context.annotation.ClassPathScanningCandidateComponentProvider - Identified candidate component class: file [/home/sun/work-laputa/build/classes/java/main/com/devingsun/castle/springboot/Application.class]
19:25:36.567 [Test worker] INFO org.springframework.boot.test.context.SpringBootTestContextBootstrapper - Found @SpringBootConfiguration com.devingsun.castle.springboot.Application for test class com.devingsun.castle.springboot.web.HelloControllerTest
19:25:36.569 [Test worker] DEBUG org.springframework.boot.test.autoconfigure.web.servlet.WebMvcTestContextBootstrapper - @TestExecutionListeners is not present for class [com.devingsun.castle.springboot.web.HelloControllerTest]: using defaults.
19:25:36.569 [Test worker] INFO org.springframework.boot.test.autoconfigure.web.servlet.WebMvcTestContextBootstrapper - Loaded default TestExecutionListener class names from location [META-INF/spring.factories]: [org.springframework.security.test.context.support.WithSecurityContextTestExecutionListener, org.springframework.security.test.context.support.ReactorContextTestExecutionListener, org.springframework.boot.test.autoconfigure.restdocs.RestDocsTestExecutionListener, org.springframework.boot.test.autoconfigure.web.client.MockRestServiceServerResetTestExecutionListener, org.springframework.boot.test.autoconfigure.web.servlet.MockMvcPrintOnlyOnFailureTestExecutionListener, org.springframework.boot.test.autoconfigure.web.servlet.WebDriverTestExecutionListener, org.springframework.boot.test.mock.mockito.MockitoTestExecutionListener, org.springframework.boot.test.mock.mockito.ResetMocksTestExecutionListener, org.springframework.test.context.web.ServletTestExecutionListener, org.springframework.test.context.support.DirtiesContextBeforeModesTestExecutionListener, org.springframework.test.context.support.DependencyInjectionTestExecutionListener, org.springframework.test.context.support.DirtiesContextTestExecutionListener, org.springframework.test.context.transaction.TransactionalTestExecutionListener, org.springframework.test.context.jdbc.SqlScriptsTestExecutionListener]
19:25:36.581 [Test worker] INFO org.springframework.boot.test.autoconfigure.web.servlet.WebMvcTestContextBootstrapper - Using TestExecutionListeners: [org.springframework.test.context.web.ServletTestExecutionListener@671b986a, org.springframework.test.context.support.DirtiesContextBeforeModesTestExecutionListener@4a9bb2f8, org.springframework.boot.test.mock.mockito.MockitoTestExecutionListener@70cd573a, org.springframework.boot.test.autoconfigure.SpringBootDependencyInjectionTestExecutionListener@c596a624, org.springframework.test.context.support.DirtiesContextTestExecutionListener@c15d231f, org.springframework.test.context.transaction.TransactionalTestExecutionListener@bc544f6b, org.springframework.test.context.jdbc.SqlScriptsTestExecutionListener@7122a479, org.springframework.security.test.context.support.WithSecurityContextTestExecutionListener@6aec4aa7, org.springframework.security.test.context.support.ReactorContextTestExecutionListener@c9970ed7, org.springframework.boot.test.autoconfigure.restdocs.RestDocsTestExecutionListener@171d40a0, org.springframework.boot.test.autoconfigure.web.client.MockRestServiceServerResetTestExecutionListener@4ccdb254, org.springframework.boot.test.autoconfigure.web.servlet.MockMvcPrintOnlyOnFailureTestExecutionListener@43fa5021, org.springframework.boot.test.autoconfigure.web.servlet.WebDriverTestExecutionListener@3ee7ae7d, org.springframework.boot.test.mock.mockito.ResetMocksTestExecutionListener@b359f656]
19:25:36.582 [Test worker] DEBUG org.springframework.test.annotation.ProfileValueUtils - Retrieved @ProfileValueSourceConfiguration [null] for test class [com.devingsun.castle.springboot.web.HelloControllerTest]
19:25:36.583 [Test worker] DEBUG org.springframework.test.annotation.ProfileValueUtils - Retrieved ProfileValueSource type [class org.springframework.test.annotation.SystemProfileValueSource] for class [com.devingsun.castle.springboot.web.HelloControllerTest]
19:25:36.583 [Test worker] DEBUG org.springframework.test.annotation.ProfileValueUtils - Retrieved @ProfileValueSourceConfiguration [null] for test class [com.devingsun.castle.springboot.web.HelloControllerTest]
19:25:36.583 [Test worker] DEBUG org.springframework.test.annotation.ProfileValueUtils - Retrieved ProfileValueSource type [class org.springframework.test.annotation.SystemProfileValueSource] for class [com.devingsun.castle.springboot.web.HelloControllerTest]
19:25:36.586 [Test worker] DEBUG org.springframework.test.context.support.AbstractDirtiesContextTestExecutionListener - Before test class: context [DefaultTestContext@399c4d9c testClass = HelloControllerTest, testInstance = [null], testMethod = [null], testException = [null], mergedContextConfiguration = [WebMergedContextConfiguration@5924a113 testClass = HelloControllerTest, locations = '{}', classes = '{class com.devingsun.castle.springboot.Application}', contextInitializerClasses = '[]', activeProfiles = '{}', propertySourceLocations = '{}', propertySourceProperties = '{org.springframework.boot.test.autoconfigure.web.servlet.WebMvcTestContextBootstrapper=true}', contextCustomizers = set[org.springframework.boot.test.autoconfigure.OverrideAutoConfigurationContextCustomizerFactory$DisableAutoConfigurationContextCustomizer@e078b45d, org.springframework.boot.test.autoconfigure.filter.TypeExcludeFiltersContextCustomizer@be666eb7, org.springframework.boot.test.autoconfigure.properties.PropertyMappingContextCustomizer@369f03d6, org.springframework.boot.test.autoconfigure.web.servlet.WebDriverContextCustomizerFactory$Customizer@ba420b6a, [ImportsContextCustomizer@f05869e3 key = [org.springframework.boot.autoconfigure.cache.CacheAutoConfiguration, org.springframework.boot.autoconfigure.context.MessageSourceAutoConfiguration, org.springframework.boot.autoconfigure.data.web.SpringDataWebAutoConfiguration, org.springframework.boot.autoconfigure.freemarker.FreeMarkerAutoConfiguration, org.springframework.boot.autoconfigure.groovy.template.GroovyTemplateAutoConfiguration, org.springframework.boot.autoconfigure.gson.GsonAutoConfiguration, org.springframework.boot.autoconfigure.hateoas.HypermediaAutoConfiguration, org.springframework.boot.autoconfigure.http.HttpMessageConvertersAutoConfiguration, org.springframework.boot.autoconfigure.jackson.JacksonAutoConfiguration, org.springframework.boot.autoconfigure.jsonb.JsonbAutoConfiguration, org.springframework.boot.autoconfigure.mustache.MustacheAutoConfiguration, org.springframework.boot.autoconfigure.task.TaskExecutionAutoConfiguration, org.springframework.boot.autoconfigure.thymeleaf.ThymeleafAutoConfiguration, org.springframework.boot.autoconfigure.validation.ValidationAutoConfiguration, org.springframework.boot.autoconfigure.web.servlet.error.ErrorMvcAutoConfiguration, org.springframework.boot.autoconfigure.web.servlet.WebMvcAutoConfiguration, org.springframework.boot.test.autoconfigure.web.servlet.MockMvcAutoConfiguration, org.springframework.boot.test.autoconfigure.web.servlet.MockMvcSecurityAutoConfiguration, org.springframework.boot.test.autoconfigure.web.servlet.MockMvcWebClientAutoConfiguration, org.springframework.boot.test.autoconfigure.web.servlet.MockMvcWebDriverAutoConfiguration]], org.springframework.boot.test.context.filter.ExcludeFilterContextCustomizer@49ed0d50, org.springframework.boot.test.json.DuplicateJsonObjectContextCustomizerFactory$DuplicateJsonObjectContextCustomizer@a8a5ebcf, org.springframework.boot.test.mock.mockito.MockitoContextCustomizer@0], resourceBasePath = 'src/main/webapp', contextLoader = 'org.springframework.boot.test.context.SpringBootContextLoader', parent = [null]], attributes = map[[empty]]], class annotated with @DirtiesContext [false] with mode [null].
19:25:36.587 [Test worker] DEBUG org.springframework.test.annotation.ProfileValueUtils - Retrieved @ProfileValueSourceConfiguration [null] for test class [com.devingsun.castle.springboot.web.HelloControllerTest]
19:25:36.587 [Test worker] DEBUG org.springframework.test.annotation.ProfileValueUtils - Retrieved ProfileValueSource type [class org.springframework.test.annotation.SystemProfileValueSource] for class [com.devingsun.castle.springboot.web.HelloControllerTest]
19:25:36.592 [Test worker] DEBUG org.springframework.test.context.support.DependencyInjectionTestExecutionListener - Performing dependency injection for test context [[DefaultTestContext@399c4d9c testClass = HelloControllerTest, testInstance = com.devingsun.castle.springboot.web.HelloControllerTest@210248bd, testMethod = [null], testException = [null], mergedContextConfiguration = [WebMergedContextConfiguration@5924a113 testClass = HelloControllerTest, locations = '{}', classes = '{class com.devingsun.castle.springboot.Application}', contextInitializerClasses = '[]', activeProfiles = '{}', propertySourceLocations = '{}', propertySourceProperties = '{org.springframework.boot.test.autoconfigure.web.servlet.WebMvcTestContextBootstrapper=true}', contextCustomizers = set[org.springframework.boot.test.autoconfigure.OverrideAutoConfigurationContextCustomizerFactory$DisableAutoConfigurationContextCustomizer@e078b45d, org.springframework.boot.test.autoconfigure.filter.TypeExcludeFiltersContextCustomizer@be666eb7, org.springframework.boot.test.autoconfigure.properties.PropertyMappingContextCustomizer@369f03d6, org.springframework.boot.test.autoconfigure.web.servlet.WebDriverContextCustomizerFactory$Customizer@ba420b6a, [ImportsContextCustomizer@f05869e3 key = [org.springframework.boot.autoconfigure.cache.CacheAutoConfiguration, org.springframework.boot.autoconfigure.context.MessageSourceAutoConfiguration, org.springframework.boot.autoconfigure.data.web.SpringDataWebAutoConfiguration, org.springframework.boot.autoconfigure.freemarker.FreeMarkerAutoConfiguration, org.springframework.boot.autoconfigure.groovy.template.GroovyTemplateAutoConfiguration, org.springframework.boot.autoconfigure.gson.GsonAutoConfiguration, org.springframework.boot.autoconfigure.hateoas.HypermediaAutoConfiguration, org.springframework.boot.autoconfigure.http.HttpMessageConvertersAutoConfiguration, org.springframework.boot.autoconfigure.jackson.JacksonAutoConfiguration, org.springframework.boot.autoconfigure.jsonb.JsonbAutoConfiguration, org.springframework.boot.autoconfigure.mustache.MustacheAutoConfiguration, org.springframework.boot.autoconfigure.task.TaskExecutionAutoConfiguration, org.springframework.boot.autoconfigure.thymeleaf.ThymeleafAutoConfiguration, org.springframework.boot.autoconfigure.validation.ValidationAutoConfiguration, org.springframework.boot.autoconfigure.web.servlet.error.ErrorMvcAutoConfiguration, org.springframework.boot.autoconfigure.web.servlet.WebMvcAutoConfiguration, org.springframework.boot.test.autoconfigure.web.servlet.MockMvcAutoConfiguration, org.springframework.boot.test.autoconfigure.web.servlet.MockMvcSecurityAutoConfiguration, org.springframework.boot.test.autoconfigure.web.servlet.MockMvcWebClientAutoConfiguration, org.springframework.boot.test.autoconfigure.web.servlet.MockMvcWebDriverAutoConfiguration]], org.springframework.boot.test.context.filter.ExcludeFilterContextCustomizer@49ed0d50, org.springframework.boot.test.json.DuplicateJsonObjectContextCustomizerFactory$DuplicateJsonObjectContextCustomizer@a8a5ebcf, org.springframework.boot.test.mock.mockito.MockitoContextCustomizer@0], resourceBasePath = 'src/main/webapp', contextLoader = 'org.springframework.boot.test.context.SpringBootContextLoader', parent = [null]], attributes = map[[empty]]]].
19:25:36.699 [Test worker] DEBUG org.springframework.test.context.support.TestPropertySourceUtils - Adding inlined properties to environment: {spring.jmx.enabled=false, org.springframework.boot.test.autoconfigure.web.servlet.WebMvcTestContextBootstrapper=true, server.port=-1}

  .   ____          _            __ _ _
 /\\ / ___'_ __ _ _(_)_ __  __ _ \ \ \ \
( ( )\___ | '_ | '_| | '_ \/ _` | \ \ \ \
 \\/  ___)| |_)| | | | | || (_| |  ) ) ) )
  '  |____| .__|_| |_|_| |_\__, | / / / /
 =========|_|==============|___/=/_/_/_/
 :: Spring Boot ::        (v2.1.7.RELEASE)

2021-11-28 19:25:36.990  INFO 13333 --- [    Test worker] c.d.c.s.web.HelloControllerTest          : Starting HelloControllerTest on sunpc with PID 13333 (started by sun in /home/sun/work-laputa)
2021-11-28 19:25:36.991  INFO 13333 --- [    Test worker] c.d.c.s.web.HelloControllerTest          : The following profiles are active: oauth
2021-11-28 19:25:37.888  INFO 13333 --- [    Test worker] o.s.s.concurrent.ThreadPoolTaskExecutor  : Initializing ExecutorService 'applicationTaskExecutor'
2021-11-28 19:25:37.940  INFO 13333 --- [    Test worker] o.s.b.a.w.s.WelcomePageHandlerMapping    : Adding welcome page template: index
2021-11-28 19:25:38.110  INFO 13333 --- [    Test worker] .s.s.UserDetailsServiceAutoConfiguration : 

Using generated security password: bc798e31-0398-428f-8ed6-55047f2ac44e

2021-11-28 19:25:38.204  INFO 13333 --- [    Test worker] o.s.s.web.DefaultSecurityFilterChain     : Creating filter chain: any request, [org.springframework.security.web.context.request.async.WebAsyncManagerIntegrationFilter@5bfbbef, org.springframework.security.web.context.SecurityContextPersistenceFilter@a80b4d88, org.springframework.security.web.header.HeaderWriterFilter@142bef18, org.springframework.security.web.csrf.CsrfFilter@3ac41761, org.springframework.security.web.authentication.logout.LogoutFilter@127473c4, org.springframework.security.web.authentication.UsernamePasswordAuthenticationFilter@651cfcac, org.springframework.security.web.authentication.ui.DefaultLoginPageGeneratingFilter@8635b88b, org.springframework.security.web.authentication.ui.DefaultLogoutPageGeneratingFilter@d4ba4d, org.springframework.security.web.authentication.www.BasicAuthenticationFilter@f395b9ba, org.springframework.security.web.savedrequest.RequestCacheAwareFilter@a6510e3, org.springframework.security.web.servletapi.SecurityContextHolderAwareRequestFilter@af4f1a70, org.springframework.security.web.authentication.AnonymousAuthenticationFilter@f870ea71, org.springframework.security.web.session.SessionManagementFilter@3b56ed6, org.springframework.security.web.access.ExceptionTranslationFilter@94cd6296, org.springframework.security.web.access.intercept.FilterSecurityInterceptor@929f1f7d]
2021-11-28 19:25:38.235  INFO 13333 --- [    Test worker] o.s.b.t.m.w.SpringBootMockServletContext : Initializing Spring TestDispatcherServlet ''
2021-11-28 19:25:38.235  INFO 13333 --- [    Test worker] o.s.t.web.servlet.TestDispatcherServlet  : Initializing Servlet ''
2021-11-28 19:25:38.240  INFO 13333 --- [    Test worker] o.s.t.web.servlet.TestDispatcherServlet  : Completed initialization in 5 ms
2021-11-28 19:25:38.265  INFO 13333 --- [    Test worker] c.d.c.s.web.HelloControllerTest          : Started HelloControllerTest in 1.561 seconds (JVM running for 2.204)
]]></system-out>
  <system-err><![CDATA[]]></system-err>
</testsuite>
