<?xml version="1.0" encoding="UTF-8"?>
<testsuite name="com.devingsun.castle.springboot.web.IndexControllerTest" tests="1" skipped="0" failures="0" errors="0" timestamp="2021-11-28T10:25:41" hostname="sunpc" time="0.069">
  <properties/>
  <testcase name="메인페이지_로딩" classname="com.devingsun.castle.springboot.web.IndexControllerTest" time="0.069"/>
  <system-out><![CDATA[2021-11-28 19:25:41.444  INFO 13333 --- [    Test worker] .b.t.c.SpringBootTestContextBootstrapper : Neither @ContextConfiguration nor @ContextHierarchy found for test class [com.devingsun.castle.springboot.web.IndexControllerTest], using SpringBootContextLoader
2021-11-28 19:25:41.445  INFO 13333 --- [    Test worker] o.s.t.c.support.AbstractContextLoader    : Could not detect default resource locations for test class [com.devingsun.castle.springboot.web.IndexControllerTest]: no resource found for suffixes {-context.xml, Context.groovy}.
2021-11-28 19:25:41.445  INFO 13333 --- [    Test worker] t.c.s.AnnotationConfigContextLoaderUtils : Could not detect default configuration classes for test class [com.devingsun.castle.springboot.web.IndexControllerTest]: IndexControllerTest does not declare any static, non-private, non-final, nested classes annotated with @Configuration.
2021-11-28 19:25:41.446  INFO 13333 --- [    Test worker] .b.t.c.SpringBootTestContextBootstrapper : Found @SpringBootConfiguration com.devingsun.castle.springboot.Application for test class com.devingsun.castle.springboot.web.IndexControllerTest
2021-11-28 19:25:41.447  INFO 13333 --- [    Test worker] .b.t.c.SpringBootTestContextBootstrapper : Loaded default TestExecutionListener class names from location [META-INF/spring.factories]: [org.springframework.security.test.context.support.WithSecurityContextTestExecutionListener, org.springframework.security.test.context.support.ReactorContextTestExecutionListener, org.springframework.boot.test.autoconfigure.restdocs.RestDocsTestExecutionListener, org.springframework.boot.test.autoconfigure.web.client.MockRestServiceServerResetTestExecutionListener, org.springframework.boot.test.autoconfigure.web.servlet.MockMvcPrintOnlyOnFailureTestExecutionListener, org.springframework.boot.test.autoconfigure.web.servlet.WebDriverTestExecutionListener, org.springframework.boot.test.mock.mockito.MockitoTestExecutionListener, org.springframework.boot.test.mock.mockito.ResetMocksTestExecutionListener, org.springframework.test.context.web.ServletTestExecutionListener, org.springframework.test.context.support.DirtiesContextBeforeModesTestExecutionListener, org.springframework.test.context.support.DependencyInjectionTestExecutionListener, org.springframework.test.context.support.DirtiesContextTestExecutionListener, org.springframework.test.context.transaction.TransactionalTestExecutionListener, org.springframework.test.context.jdbc.SqlScriptsTestExecutionListener]
2021-11-28 19:25:41.447  INFO 13333 --- [    Test worker] .b.t.c.SpringBootTestContextBootstrapper : Using TestExecutionListeners: [org.springframework.test.context.web.ServletTestExecutionListener@8966a986, org.springframework.test.context.support.DirtiesContextBeforeModesTestExecutionListener@108d314, org.springframework.boot.test.mock.mockito.MockitoTestExecutionListener@56fb3f66, org.springframework.boot.test.autoconfigure.SpringBootDependencyInjectionTestExecutionListener@fa40c4a2, org.springframework.test.context.support.DirtiesContextTestExecutionListener@555f8460, org.springframework.test.context.transaction.TransactionalTestExecutionListener@c075e08d, org.springframework.test.context.jdbc.SqlScriptsTestExecutionListener@846f5d54, org.springframework.security.test.context.support.WithSecurityContextTestExecutionListener@87d30396, org.springframework.security.test.context.support.ReactorContextTestExecutionListener@9b872d5d, org.springframework.boot.test.autoconfigure.restdocs.RestDocsTestExecutionListener@7985128, org.springframework.boot.test.autoconfigure.web.client.MockRestServiceServerResetTestExecutionListener@d247c267, org.springframework.boot.test.autoconfigure.web.servlet.MockMvcPrintOnlyOnFailureTestExecutionListener@3baecd2e, org.springframework.boot.test.autoconfigure.web.servlet.WebDriverTestExecutionListener@8aeb478f, org.springframework.boot.test.mock.mockito.ResetMocksTestExecutionListener@27447362]
2021-11-28 19:25:41.486  INFO 13333 --- [o-auto-1-exec-1] o.a.c.c.C.[Tomcat].[localhost].[/]       : Initializing Spring DispatcherServlet 'dispatcherServlet'
2021-11-28 19:25:41.486  INFO 13333 --- [o-auto-1-exec-1] o.s.web.servlet.DispatcherServlet        : Initializing Servlet 'dispatcherServlet'
2021-11-28 19:25:41.488  INFO 13333 --- [o-auto-1-exec-1] o.s.web.servlet.DispatcherServlet        : Completed initialization in 2 ms
Hibernate: select posts0_.id as id1_0_, posts0_.created_date as created_2_0_, posts0_.modified_date as modified3_0_, posts0_.author as author4_0_, posts0_.content as content5_0_, posts0_.title as title6_0_ from posts posts0_ order by posts0_.id DESC
]]></system-out>
  <system-err><![CDATA[]]></system-err>
</testsuite>
