<?xml version="1.0" encoding="UTF-8"?>
<testsuite name="com.devingsun.castle.springboot.domain.posts.PostRepositoryTest" tests="2" skipped="0" failures="0" errors="0" timestamp="2021-11-28T10:25:40" hostname="sunpc" time="0.101">
  <properties/>
  <testcase name="게시글저장_불러오기" classname="com.devingsun.castle.springboot.domain.posts.PostRepositoryTest" time="0.094"/>
  <testcase name="BaseTimeEntity_등록" classname="com.devingsun.castle.springboot.domain.posts.PostRepositoryTest" time="0.006"/>
  <system-out><![CDATA[2021-11-28 19:25:38.418  INFO 13333 --- [    Test worker] .b.t.c.SpringBootTestContextBootstrapper : Neither @ContextConfiguration nor @ContextHierarchy found for test class [com.devingsun.castle.springboot.domain.posts.PostRepositoryTest], using SpringBootContextLoader
2021-11-28 19:25:38.419  INFO 13333 --- [    Test worker] o.s.t.c.support.AbstractContextLoader    : Could not detect default resource locations for test class [com.devingsun.castle.springboot.domain.posts.PostRepositoryTest]: no resource found for suffixes {-context.xml, Context.groovy}.
2021-11-28 19:25:38.419  INFO 13333 --- [    Test worker] t.c.s.AnnotationConfigContextLoaderUtils : Could not detect default configuration classes for test class [com.devingsun.castle.springboot.domain.posts.PostRepositoryTest]: PostRepositoryTest does not declare any static, non-private, non-final, nested classes annotated with @Configuration.
2021-11-28 19:25:38.422  INFO 13333 --- [    Test worker] .b.t.c.SpringBootTestContextBootstrapper : Found @SpringBootConfiguration com.devingsun.castle.springboot.Application for test class com.devingsun.castle.springboot.domain.posts.PostRepositoryTest
2021-11-28 19:25:38.423  INFO 13333 --- [    Test worker] .b.t.c.SpringBootTestContextBootstrapper : Loaded default TestExecutionListener class names from location [META-INF/spring.factories]: [org.springframework.security.test.context.support.WithSecurityContextTestExecutionListener, org.springframework.security.test.context.support.ReactorContextTestExecutionListener, org.springframework.boot.test.autoconfigure.restdocs.RestDocsTestExecutionListener, org.springframework.boot.test.autoconfigure.web.client.MockRestServiceServerResetTestExecutionListener, org.springframework.boot.test.autoconfigure.web.servlet.MockMvcPrintOnlyOnFailureTestExecutionListener, org.springframework.boot.test.autoconfigure.web.servlet.WebDriverTestExecutionListener, org.springframework.boot.test.mock.mockito.MockitoTestExecutionListener, org.springframework.boot.test.mock.mockito.ResetMocksTestExecutionListener, org.springframework.test.context.web.ServletTestExecutionListener, org.springframework.test.context.support.DirtiesContextBeforeModesTestExecutionListener, org.springframework.test.context.support.DependencyInjectionTestExecutionListener, org.springframework.test.context.support.DirtiesContextTestExecutionListener, org.springframework.test.context.transaction.TransactionalTestExecutionListener, org.springframework.test.context.jdbc.SqlScriptsTestExecutionListener]
2021-11-28 19:25:38.423  INFO 13333 --- [    Test worker] .b.t.c.SpringBootTestContextBootstrapper : Using TestExecutionListeners: [org.springframework.test.context.web.ServletTestExecutionListener@69f75736, org.springframework.test.context.support.DirtiesContextBeforeModesTestExecutionListener@c1e4e5f4, org.springframework.boot.test.mock.mockito.MockitoTestExecutionListener@96eeb1de, org.springframework.boot.test.autoconfigure.SpringBootDependencyInjectionTestExecutionListener@2900de52, org.springframework.test.context.support.DirtiesContextTestExecutionListener@a7e9b45b, org.springframework.test.context.transaction.TransactionalTestExecutionListener@2351bc20, org.springframework.test.context.jdbc.SqlScriptsTestExecutionListener@ed29c0e9, org.springframework.security.test.context.support.WithSecurityContextTestExecutionListener@aeebe85c, org.springframework.security.test.context.support.ReactorContextTestExecutionListener@71555b44, org.springframework.boot.test.autoconfigure.restdocs.RestDocsTestExecutionListener@e030473e, org.springframework.boot.test.autoconfigure.web.client.MockRestServiceServerResetTestExecutionListener@26e7d35b, org.springframework.boot.test.autoconfigure.web.servlet.MockMvcPrintOnlyOnFailureTestExecutionListener@eac8e645, org.springframework.boot.test.autoconfigure.web.servlet.WebDriverTestExecutionListener@b22c944a, org.springframework.boot.test.mock.mockito.ResetMocksTestExecutionListener@17128979]

  .   ____          _            __ _ _
 /\\ / ___'_ __ _ _(_)_ __  __ _ \ \ \ \
( ( )\___ | '_ | '_| | '_ \/ _` | \ \ \ \
 \\/  ___)| |_)| | | | | || (_| |  ) ) ) )
  '  |____| .__|_| |_|_| |_\__, | / / / /
 =========|_|==============|___/=/_/_/_/
 :: Spring Boot ::        (v2.1.7.RELEASE)

2021-11-28 19:25:38.449  INFO 13333 --- [    Test worker] c.d.c.s.domain.posts.PostRepositoryTest  : Starting PostRepositoryTest on sunpc with PID 13333 (started by sun in /home/sun/work-laputa)
2021-11-28 19:25:38.450  INFO 13333 --- [    Test worker] c.d.c.s.domain.posts.PostRepositoryTest  : The following profiles are active: oauth
2021-11-28 19:25:38.631  INFO 13333 --- [    Test worker] .s.d.r.c.RepositoryConfigurationDelegate : Bootstrapping Spring Data repositories in DEFAULT mode.
2021-11-28 19:25:38.662  INFO 13333 --- [    Test worker] .s.d.r.c.RepositoryConfigurationDelegate : Finished Spring Data repository scanning in 27ms. Found 2 repository interfaces.
2021-11-28 19:25:38.812  INFO 13333 --- [    Test worker] trationDelegate$BeanPostProcessorChecker : Bean 'org.springframework.transaction.annotation.ProxyTransactionManagementConfiguration' of type [org.springframework.transaction.annotation.ProxyTransactionManagementConfiguration$$EnhancerBySpringCGLIB$$a5a9ee74] is not eligible for getting processed by all BeanPostProcessors (for example: not eligible for auto-proxying)
2021-11-28 19:25:38.902  INFO 13333 --- [    Test worker] com.zaxxer.hikari.HikariDataSource       : HikariPool-1 - Starting...
2021-11-28 19:25:38.992  INFO 13333 --- [    Test worker] com.zaxxer.hikari.HikariDataSource       : HikariPool-1 - Start completed.
2021-11-28 19:25:39.033  INFO 13333 --- [    Test worker] o.hibernate.jpa.internal.util.LogHelper  : HHH000204: Processing PersistenceUnitInfo [
	name: default
	...]
2021-11-28 19:25:39.075  INFO 13333 --- [    Test worker] org.hibernate.Version                    : HHH000412: Hibernate Core {5.3.10.Final}
2021-11-28 19:25:39.075  INFO 13333 --- [    Test worker] org.hibernate.cfg.Environment            : HHH000206: hibernate.properties not found
2021-11-28 19:25:39.104  INFO 13333 --- [    Test worker] o.hibernate.annotations.common.Version   : HCANN000001: Hibernate Commons Annotations {5.0.4.Final}
2021-11-28 19:25:39.186  INFO 13333 --- [    Test worker] org.hibernate.dialect.Dialect            : HHH000400: Using dialect: org.hibernate.dialect.MySQL5InnoDBDialect
Hibernate: drop table if exists posts
Hibernate: drop table if exists user
Hibernate: create table posts (id bigint not null auto_increment, created_date datetime, modified_date datetime, author varchar(255), content TEXT not null, title varchar(500) not null, primary key (id)) engine=InnoDB
Hibernate: create table user (id bigint not null auto_increment, created_date datetime, modified_date datetime, email varchar(255) not null, name varchar(255) not null, picture varchar(255), role varchar(255) not null, primary key (id)) engine=InnoDB
2021-11-28 19:25:39.606  INFO 13333 --- [    Test worker] o.h.t.schema.internal.SchemaCreatorImpl  : HHH000476: Executing import script 'org.hibernate.tool.schema.internal.exec.ScriptSourceInputNonExistentImpl@7670bb84'
2021-11-28 19:25:39.608  INFO 13333 --- [    Test worker] j.LocalContainerEntityManagerFactoryBean : Initialized JPA EntityManagerFactory for persistence unit 'default'
2021-11-28 19:25:39.870  INFO 13333 --- [    Test worker] o.h.h.i.QueryTranslatorFactoryInitiator  : HHH000397: Using ASTQueryTranslatorFactory
2021-11-28 19:25:40.006  INFO 13333 --- [    Test worker] o.s.s.web.DefaultSecurityFilterChain     : Creating filter chain: any request, [org.springframework.security.web.context.request.async.WebAsyncManagerIntegrationFilter@6cf8384d, org.springframework.security.web.context.SecurityContextPersistenceFilter@cc5ffd4, org.springframework.security.web.header.HeaderWriterFilter@27dc5d1c, org.springframework.security.web.authentication.logout.LogoutFilter@ab4211d, org.springframework.security.oauth2.client.web.OAuth2AuthorizationRequestRedirectFilter@4473b1a, org.springframework.security.oauth2.client.web.OAuth2LoginAuthenticationFilter@25438d56, org.springframework.security.web.authentication.ui.DefaultLoginPageGeneratingFilter@f2fc2422, org.springframework.security.web.authentication.ui.DefaultLogoutPageGeneratingFilter@b61f53b2, org.springframework.security.web.savedrequest.RequestCacheAwareFilter@3330cea0, org.springframework.security.web.servletapi.SecurityContextHolderAwareRequestFilter@42ddecc6, org.springframework.security.web.authentication.AnonymousAuthenticationFilter@56a05ac, org.springframework.security.web.session.SessionManagementFilter@ee7dbe95, org.springframework.security.web.access.ExceptionTranslationFilter@adc6670d, org.springframework.security.web.access.intercept.FilterSecurityInterceptor@a36b3dc9]
2021-11-28 19:25:40.185  INFO 13333 --- [    Test worker] o.s.s.concurrent.ThreadPoolTaskExecutor  : Initializing ExecutorService 'applicationTaskExecutor'
2021-11-28 19:25:40.194  WARN 13333 --- [    Test worker] aWebConfiguration$JpaWebMvcConfiguration : spring.jpa.open-in-view is enabled by default. Therefore, database queries may be performed during view rendering. Explicitly configure spring.jpa.open-in-view to disable this warning
2021-11-28 19:25:40.212  INFO 13333 --- [    Test worker] o.s.b.a.w.s.WelcomePageHandlerMapping    : Adding welcome page template: index
2021-11-28 19:25:40.415  INFO 13333 --- [    Test worker] s.a.ScheduledAnnotationBeanPostProcessor : No TaskScheduler/ScheduledExecutorService bean found for scheduled processing
2021-11-28 19:25:40.418  INFO 13333 --- [    Test worker] c.d.c.s.domain.posts.PostRepositoryTest  : Started PostRepositoryTest in 1.988 seconds (JVM running for 4.357)
Hibernate: insert into posts (created_date, modified_date, author, content, title) values (?, ?, ?, ?, ?)
Hibernate: select posts0_.id as id1_0_, posts0_.created_date as created_2_0_, posts0_.modified_date as modified3_0_, posts0_.author as author4_0_, posts0_.content as content5_0_, posts0_.title as title6_0_ from posts posts0_
Hibernate: select posts0_.id as id1_0_, posts0_.created_date as created_2_0_, posts0_.modified_date as modified3_0_, posts0_.author as author4_0_, posts0_.content as content5_0_, posts0_.title as title6_0_ from posts posts0_
Hibernate: delete from posts where id=?
>>>>stdTime : 2021-11-15T07:04:01
Hibernate: insert into posts (created_date, modified_date, author, content, title) values (?, ?, ?, ?, ?)
Hibernate: select posts0_.id as id1_0_, posts0_.created_date as created_2_0_, posts0_.modified_date as modified3_0_, posts0_.author as author4_0_, posts0_.content as content5_0_, posts0_.title as title6_0_ from posts posts0_
>>>>> createdDate : 2021-11-28T19:25:40.517, modifiedDate : 2021-11-28T19:25:40.517
Hibernate: select posts0_.id as id1_0_, posts0_.created_date as created_2_0_, posts0_.modified_date as modified3_0_, posts0_.author as author4_0_, posts0_.content as content5_0_, posts0_.title as title6_0_ from posts posts0_
Hibernate: delete from posts where id=?
]]></system-out>
  <system-err><![CDATA[]]></system-err>
</testsuite>
